\BOOKMARK [0][-]{section*.1}{List of Tables}{}% 1
\BOOKMARK [0][-]{section*.2}{List of Figures}{}% 2
\BOOKMARK [0][-]{chapter.1}{Introduction}{}% 3
\BOOKMARK [1][-]{section.1.1}{Smartphone OS Market Share}{chapter.1}% 4
\BOOKMARK [1][-]{section.1.2}{Android Architecture}{chapter.1}% 5
\BOOKMARK [2][-]{subsection.1.2.1}{Linux Kernel}{section.1.2}% 6
\BOOKMARK [2][-]{subsection.1.2.2}{Libraries}{section.1.2}% 7
\BOOKMARK [2][-]{subsection.1.2.3}{Android Runtime}{section.1.2}% 8
\BOOKMARK [2][-]{subsection.1.2.4}{Application Framework}{section.1.2}% 9
\BOOKMARK [2][-]{subsection.1.2.5}{Applications}{section.1.2}% 10
\BOOKMARK [0][-]{chapter.2}{Related Work}{}% 11
\BOOKMARK [1][-]{section.2.1}{Androphsy: Forensic Framework for Android }{chapter.2}% 12
\BOOKMARK [1][-]{section.2.2}{Smartphone Forensics : A proactive Investigative Approach}{chapter.2}% 13
\BOOKMARK [1][-]{section.2.3}{Frost: Forensic Recovery of Scambled Telephones }{chapter.2}% 14
\BOOKMARK [1][-]{section.2.4}{Android Forensics:Automated Data Collection and Reporting Tool for Mobile Device }{chapter.2}% 15
\BOOKMARK [1][-]{section.2.5}{Specifying a Realistic File System }{chapter.2}% 16
\BOOKMARK [1][-]{section.2.6}{A Fast Boot, Fast Shutdown Technique for Android OS Devices}{chapter.2}% 17
\BOOKMARK [1][-]{section.2.7}{Internet-Scale File Analysis}{chapter.2}% 18
\BOOKMARK [1][-]{section.2.8}{Subverting Operating System Properties Through Evolutionary DKOM Attacks}{chapter.2}% 19
\BOOKMARK [1][-]{section.2.9}{Forensic Analysis of Instant Messenger Applications on Android devices}{chapter.2}% 20
\BOOKMARK [1][-]{section.2.10}{Forensics Analysis of Whatsapp Messenger on Android Smartphones }{chapter.2}% 21
\BOOKMARK [1][-]{section.2.11}{M.S Thesis on Forensic Analysis of whatsapp on Android Smartphone Neha Thakur }{chapter.2}% 22
\BOOKMARK [0][-]{chapter.3}{Problem Statement}{}% 23
\BOOKMARK [1][-]{section.3.1}{Aim}{chapter.3}% 24
\BOOKMARK [0][-]{chapter.4}{Background}{}% 25
\BOOKMARK [1][-]{section.4.1}{Fuse\(File system in User Space\)}{chapter.4}% 26
\BOOKMARK [1][-]{section.4.2}{Cloudfs}{chapter.4}% 27
\BOOKMARK [1][-]{section.4.3}{Stealthfs via Rootkits}{chapter.4}% 28
\BOOKMARK [2][-]{subsection.4.3.1}{User Level Rootkits}{section.4.3}% 29
\BOOKMARK [2][-]{subsection.4.3.2}{Kernel Level Rootkits}{section.4.3}% 30
\BOOKMARK [0][-]{chapter.5}{Proposed System}{}% 31
\BOOKMARK [1][-]{section.5.1}{ Modules Description:}{chapter.5}% 32
\BOOKMARK [2][-]{subsection.5.1.1}{Stealth File Systems}{section.5.1}% 33
\BOOKMARK [2][-]{subsection.5.1.2}{Cloud File System}{section.5.1}% 34
\BOOKMARK [0][-]{chapter.6}{Work Done Till Now}{}% 35
\BOOKMARK [0][-]{appendix.A}{Appendix A}{}% 36
\BOOKMARK [0][-]{section*.4}{Bibliography}{}% 37
